<?xml version="1.0" encoding="UTF-8"?>
<testng-results ignored="0" total="1" passed="1" failed="0" skipped="0">
  <reporter-output>
  </reporter-output>
  <suite started-at="2024-06-26T16:38:04 IST" name="Default suite" finished-at="2024-06-26T16:38:05 IST" duration-ms="966">
    <groups>
      <group name="cucumber">
        <method signature="AbstractTestNGCucumberTests.runScenario(io.cucumber.testng.PickleWrapper,io.cucumber.testng.FeatureWrapper)[pri:0, instance:CucumberOptions.TestNGTestrunner@5038d0b5]" name="runScenario" class="io.cucumber.testng.AbstractTestNGCucumberTests"/>
      </group> <!-- cucumber -->
    </groups>
    <test started-at="2024-06-26T16:38:04 IST" name="Default test" finished-at="2024-06-26T16:38:05 IST" duration-ms="966">
      <class name="CucumberOptions.TestNGTestrunner">
        <test-method is-config="true" signature="setUpClass(org.testng.ITestContext)[pri:0, instance:CucumberOptions.TestNGTestrunner@5038d0b5]" started-at="2024-06-26T16:38:04 IST" name="setUpClass" finished-at="2024-06-26T16:38:05 IST" duration-ms="304" status="PASS">
          <params>
            <param index="0">
              <value>
                <![CDATA[org.testng.TestRunner@208e9ef6]]>
              </value>
            </param>
          </params>
          <reporter-output>
          </reporter-output>
        </test-method> <!-- setUpClass -->
        <test-method signature="runScenario(io.cucumber.testng.PickleWrapper,io.cucumber.testng.FeatureWrapper)[pri:0, instance:CucumberOptions.TestNGTestrunner@5038d0b5]" started-at="2024-06-26T16:38:05 IST" name="runScenario" description="Runs Cucumber Scenarios" data-provider="scenarios" finished-at="2024-06-26T16:38:05 IST" duration-ms="166" status="PASS">
          <params>
            <param index="0">
              <value>
                <![CDATA["Search Experiance for Product search in both home and offers page"]]>
              </value>
            </param>
            <param index="1">
              <value>
                <![CDATA["Search and Place the order for Products"]]>
              </value>
            </param>
          </params>
          <reporter-output>
          </reporter-output>
        </test-method> <!-- runScenario -->
        <test-method is-config="true" signature="tearDownClass()[pri:0, instance:CucumberOptions.TestNGTestrunner@5038d0b5]" started-at="2024-06-26T16:38:05 IST" name="tearDownClass" finished-at="2024-06-26T16:38:05 IST" duration-ms="404" status="PASS">
          <reporter-output>
          </reporter-output>
        </test-method> <!-- tearDownClass -->
      </class> <!-- CucumberOptions.TestNGTestrunner -->
    </test> <!-- Default test -->
  </suite> <!-- Default suite -->
</testng-results>
